# JRE version: OpenJDK Runtime Environment (8.0_112-b06) (build 1.8.0_112-release-b06)
# Java VM: OpenJDK 64-Bit Server VM (25.112-b06 mixed mode windows-amd64 compressed oops)
Heap:
 PSYoungGen      total 366080K, used 128503K [0x00000000e0000000, 0x00000000fcf00000, 0x0000000100000000)
  eden space 318464K, 27% used [0x00000000e0000000,0x00000000e56fb4c0,0x00000000f3700000)
  from space 47616K, 82% used [0x00000000f3700000,0x00000000f5d82b28,0x00000000f6580000)
  to   space 51712K, 0% used [0x00000000f9c80000,0x00000000f9c80000,0x00000000fcf00000)
 ParOldGen       total 326144K, used 205925K [0x00000000a0000000, 0x00000000b3e80000, 0x00000000e0000000)
  object space 326144K, 63% used [0x00000000a0000000,0x00000000ac9196d0,0x00000000b3e80000)
 Metaspace       used 68660K, capacity 70718K, committed 73176K, reserved 1112064K
  class space    used 8714K, capacity 9106K, committed 9688K, reserved 1048576K
GC Heap History (10 events):
Event: 8229.231 GC heap before
{Heap before GC invocations=30 (full 4):
 PSYoungGen      total 228864K, used 228847K [0x00000000e0000000, 0x00000000f3800000, 0x0000000100000000)
  eden space 204288K, 100% used [0x00000000e0000000,0x00000000ec780000,0x00000000ec780000)
  from space 24576K, 99% used [0x00000000ec780000,0x00000000edf7bd78,0x00000000edf80000)
  to   space 28160K, 0% used [0x00000000f1c80000,0x00000000f1c80000,0x00000000f3800000)
 ParOldGen       total 199680K, used 100539K [0x00000000a0000000, 0x00000000ac300000, 0x00000000e0000000)
  object space 199680K, 50% used [0x00000000a0000000,0x00000000a622efa0,0x00000000ac300000)
 Metaspace       used 68587K, capacity 70654K, committed 73176K, reserved 1112064K
  class space    used 8712K, capacity 9106K, committed 9688K, reserved 1048576K
Event: 8229.266 GC heap after
Heap after GC invocations=30 (full 4):
 PSYoungGen      total 277504K, used 28137K [0x00000000e0000000, 0x00000000f5200000, 0x0000000100000000)
  eden space 249344K, 0% used [0x00000000e0000000,0x00000000e0000000,0x00000000ef380000)
  from space 28160K, 99% used [0x00000000f1c80000,0x00000000f37fa4c8,0x00000000f3800000)
  to   space 41984K, 0% used [0x00000000ef380000,0x00000000ef380000,0x00000000f1c80000)
 ParOldGen       total 199680K, used 127082K [0x00000000a0000000, 0x00000000ac300000, 0x00000000e0000000)
  object space 199680K, 63% used [0x00000000a0000000,0x00000000a7c1a990,0x00000000ac300000)
 Metaspace       used 68587K, capacity 70654K, committed 73176K, reserved 1112064K
  class space    used 8712K, capacity 9106K, committed 9688K, reserved 1048576K
}
Event: 8231.967 GC heap before
{Heap before GC invocations=31 (full 4):
 PSYoungGen      total 277504K, used 277481K [0x00000000e0000000, 0x00000000f5200000, 0x0000000100000000)
  eden space 249344K, 100% used [0x00000000e0000000,0x00000000ef380000,0x00000000ef380000)
  from space 28160K, 99% used [0x00000000f1c80000,0x00000000f37fa4c8,0x00000000f3800000)
  to   space 41984K, 0% used [0x00000000ef380000,0x00000000ef380000,0x00000000f1c80000)
 ParOldGen       total 199680K, used 127082K [0x00000000a0000000, 0x00000000ac300000, 0x00000000e0000000)
  object space 199680K, 63% used [0x00000000a0000000,0x00000000a7c1a990,0x00000000ac300000)
 Metaspace       used 68605K, capacity 70654K, committed 73176K, reserved 1112064K
  class space    used 8713K, capacity 9106K, committed 9688K, reserved 1048576K
Event: 8232.017 GC heap after
Heap after GC invocations=31 (full 4):
 PSYoungGen      total 291328K, used 37288K [0x00000000e0000000, 0x00000000f9300000, 0x0000000100000000)
  eden space 249344K, 0% used [0x00000000e0000000,0x00000000e0000000,0x00000000ef380000)
  from space 41984K, 88% used [0x00000000ef380000,0x00000000f17ea178,0x00000000f1c80000)
  to   space 46592K, 0% used [0x00000000f6580000,0x00000000f6580000,0x00000000f9300000)
 ParOldGen       total 199680K, used 146791K [0x00000000a0000000, 0x00000000ac300000, 0x00000000e0000000)
  object space 199680K, 73% used [0x00000000a0000000,0x00000000a8f59cd0,0x00000000ac300000)
 Metaspace       used 68605K, capacity 70654K, committed 73176K, reserved 1112064K
  class space    used 8713K, capacity 9106K, committed 9688K, reserved 1048576K
}
Event: 8235.626 GC heap before
{Heap before GC invocations=32 (full 4):
 PSYoungGen      total 291328K, used 286632K [0x00000000e0000000, 0x00000000f9300000, 0x0000000100000000)
  eden space 249344K, 100% used [0x00000000e0000000,0x00000000ef380000,0x00000000ef380000)
  from space 41984K, 88% used [0x00000000ef380000,0x00000000f17ea178,0x00000000f1c80000)
  to   space 46592K, 0% used [0x00000000f6580000,0x00000000f6580000,0x00000000f9300000)
 ParOldGen       total 199680K, used 146791K [0x00000000a0000000, 0x00000000ac300000, 0x00000000e0000000)
  object space 199680K, 73% used [0x00000000a0000000,0x00000000a8f59cd0,0x00000000ac300000)
 Metaspace       used 68606K, capacity 70654K, committed 73176K, reserved 1112064K
  class space    used 8713K, capacity 9106K, committed 9688K, reserved 1048576K
Event: 8235.670 GC heap after
Heap after GC invocations=32 (full 4):
 PSYoungGen      total 365056K, used 29479K [0x00000000e0000000, 0x00000000f9400000, 0x0000000100000000)
  eden space 318464K, 0% used [0x00000000e0000000,0x00000000e0000000,0x00000000f3700000)
  from space 46592K, 63% used [0x00000000f6580000,0x00000000f8249d20,0x00000000f9300000)
  to   space 47616K, 0% used [0x00000000f3700000,0x00000000f3700000,0x00000000f6580000)
 ParOldGen       total 199680K, used 177669K [0x00000000a0000000, 0x00000000ac300000, 0x00000000e0000000)
  object space 199680K, 88% used [0x00000000a0000000,0x00000000aad81450,0x00000000ac300000)
 Metaspace       used 68606K, capacity 70654K, committed 73176K, reserved 1112064K
  class space    used 8713K, capacity 9106K, committed 9688K, reserved 1048576K
}
Event: 8235.670 GC heap before
{Heap before GC invocations=33 (full 5):
 PSYoungGen      total 365056K, used 29479K [0x00000000e0000000, 0x00000000f9400000, 0x0000000100000000)
  eden space 318464K, 0% used [0x00000000e0000000,0x00000000e0000000,0x00000000f3700000)
  from space 46592K, 63% used [0x00000000f6580000,0x00000000f8249d20,0x00000000f9300000)
  to   space 47616K, 0% used [0x00000000f3700000,0x00000000f3700000,0x00000000f6580000)
 ParOldGen       total 199680K, used 177669K [0x00000000a0000000, 0x00000000ac300000, 0x00000000e0000000)
  object space 199680K, 88% used [0x00000000a0000000,0x00000000aad81450,0x00000000ac300000)
 Metaspace       used 68606K, capacity 70654K, committed 73176K, reserved 1112064K
  class space    used 8713K, capacity 9106K, committed 9688K, reserved 1048576K
Event: 8237.076 GC heap after
Heap after GC invocations=33 (full 5):
 PSYoungGen      total 365056K, used 6319K [0x00000000e0000000, 0x00000000f9400000, 0x0000000100000000)
  eden space 318464K, 0% used [0x00000000e0000000,0x00000000e0000000,0x00000000f3700000)
  from space 46592K, 13% used [0x00000000f6580000,0x00000000f6babee0,0x00000000f9300000)
  to   space 47616K, 0% used [0x00000000f3700000,0x00000000f3700000,0x00000000f6580000)
 ParOldGen       total 326144K, used 199546K [0x00000000a0000000, 0x00000000b3e80000, 0x00000000e0000000)
  object space 326144K, 61% used [0x00000000a0000000,0x00000000ac2dea88,0x00000000b3e80000)
 Metaspace       used 68606K, capacity 70654K, committed 73176K, reserved 1112064K
  class space    used 8713K, capacity 9106K, committed 9688K, reserved 1048576K
}
Event: 8238.495 GC heap before
{Heap before GC invocations=34 (full 5):
 PSYoungGen      total 365056K, used 324783K [0x00000000e0000000, 0x00000000f9400000, 0x0000000100000000)
  eden space 318464K, 100% used [0x00000000e0000000,0x00000000f3700000,0x00000000f3700000)
  from space 46592K, 13% used [0x00000000f6580000,0x00000000f6babee0,0x00000000f9300000)
  to   space 47616K, 0% used [0x00000000f3700000,0x00000000f3700000,0x00000000f6580000)
 ParOldGen       total 326144K, used 199546K [0x00000000a0000000, 0x00000000b3e80000, 0x00000000e0000000)
  object space 326144K, 61% used [0x00000000a0000000,0x00000000ac2dea88,0x00000000b3e80000)
 Metaspace       used 68614K, capacity 70718K, committed 73176K, reserved 1112064K
  class space    used 8713K, capacity 9106K, committed 9688K, reserved 1048576K
Event: 8238.555 GC heap after
Heap after GC invocations=34 (full 5):
 PSYoungGen      total 366080K, used 39434K [0x00000000e0000000, 0x00000000fcf00000, 0x0000000100000000)
  eden space 318464K, 0% used [0x00000000e0000000,0x00000000e0000000,0x00000000f3700000)
  from space 47616K, 82% used [0x00000000f3700000,0x00000000f5d82b28,0x00000000f6580000)
  to   space 51712K, 0% used [0x00000000f9c80000,0x00000000f9c80000,0x00000000fcf00000)
 ParOldGen       total 326144K, used 205925K [0x00000000a0000000, 0x00000000b3e80000, 0x00000000e0000000)
  object space 326144K, 63% used [0x00000000a0000000,0x00000000ac9196d0,0x00000000b3e80000)
 Metaspace       used 68614K, capacity 70718K, committed 73176K, reserved 1112064K
  class space    used 8713K, capacity 9106K, committed 9688K, reserved 1048576K
}

